Start loading training images for the Perceiver model

- 10000 FAKE images accessed.
- 20000 FAKE images accessed.
- 30000 FAKE images accessed.
- 40000 FAKE images accessed.
- 50000 FAKE images accessed.
All FAKE images are accessed.

- 10000 REAL images accessed.
- 20000 REAL images accessed.
- 30000 REAL images accessed.
- 40000 REAL images accessed.
- 50000 REAL images accessed.
All REAL images are accessed.

All images are accessed.


Start training the Perceiver.
Epoch 1 loss: 0.559
Epoch 2 loss: 0.500
Epoch 3 loss: 0.471
Finished Training
- 10000 FAKE images accessed.
All FAKE images are accessed.

- 10000 REAL images accessed.
All REAL images are accessed.

All images are accessed.
Accuracy of the Perceiver on the 20000 test images: 77 %
