- 10000 FAKE images accessed.
- 20000 FAKE images accessed.
- 30000 FAKE images accessed.
- 40000 FAKE images accessed.
- 50000 FAKE images accessed.
All FAKE images are accessed.

- 10000 REAL images accessed.
- 20000 REAL images accessed.
- 30000 REAL images accessed.
- 40000 REAL images accessed.
- 50000 REAL images accessed.
All REAL images are accessed.

All images are accessed.
Start training.
Epoch 1 loss: 0.939
Epoch 2 loss: 0.732
Epoch 3 loss: 1.861
Epoch 4 loss: 0.701
Epoch 5 loss: 0.712
Epoch 6 loss: 0.709
Epoch 7 loss: 1.261
Finished Training
