Start loading training images for the VisionTransformer model
- 10000 FAKE images accessed.
- 20000 FAKE images accessed.
- 30000 FAKE images accessed.
- 40000 FAKE images accessed.
- 50000 FAKE images accessed.
All FAKE images are accessed.

- 10000 REAL images accessed.
- 20000 REAL images accessed.
- 30000 REAL images accessed.
- 40000 REAL images accessed.
- 50000 REAL images accessed.
All REAL images are accessed.

All images are accessed.


Start training the VisionTransformer.
Epoch 1 loss: 0.699
Epoch 2 loss: 0.683
Epoch 3 loss: 0.662
Finished Training
- 10000 FAKE images accessed.
All FAKE images are accessed.

- 10000 REAL images accessed.
All REAL images are accessed.

All images are accessed.
Accuracy of the VisionTransformer on the 20000 test images: 61 %
