- 10000 FAKE images accessed.
- 20000 FAKE images accessed.
- 30000 FAKE images accessed.
- 40000 FAKE images accessed.
- 50000 FAKE images accessed.
All FAKE images are accessed.

- 10000 REAL images accessed.
- 20000 REAL images accessed.
- 30000 REAL images accessed.
- 40000 REAL images accessed.
- 50000 REAL images accessed.
All REAL images are accessed.

All images are accessed.
Start training.
Epoch 1 loss: 0.699
Epoch 2 loss: 0.685
Epoch 3 loss: 0.664
Epoch 4 loss: 0.659
Epoch 5 loss: 0.658
Epoch 6 loss: 0.656
Epoch 7 loss: 0.654
Epoch 8 loss: 0.651
Epoch 9 loss: 0.647
Epoch 10 loss: 0.643
Epoch 11 loss: 0.638
Epoch 12 loss: 0.633
Epoch 13 loss: 0.627
Epoch 14 loss: 0.621
Epoch 15 loss: 0.614
Epoch 16 loss: 0.605
Epoch 17 loss: 0.599
Epoch 18 loss: 0.594
Epoch 19 loss: 0.589
Epoch 20 loss: 0.586
Epoch 21 loss: 0.581
Epoch 22 loss: 0.578
Epoch 23 loss: 0.573
Epoch 24 loss: 0.571
Epoch 25 loss: 0.567
Epoch 26 loss: 0.564
Epoch 27 loss: 0.560
Epoch 28 loss: 0.558
Epoch 29 loss: 0.554
Epoch 30 loss: 0.552
Epoch 31 loss: 0.549
Epoch 32 loss: 0.545
Epoch 33 loss: 0.540
Epoch 34 loss: 0.537
Epoch 35 loss: 0.532
Epoch 36 loss: 0.526
Epoch 37 loss: 0.520
Epoch 38 loss: 0.513
Epoch 39 loss: 0.510
Epoch 40 loss: 0.504
Epoch 41 loss: 0.499
Epoch 42 loss: 0.494
Epoch 43 loss: 0.486
Epoch 44 loss: 0.485
Epoch 45 loss: 0.480
Epoch 46 loss: 0.475
Epoch 47 loss: 0.470
Epoch 48 loss: 0.467
Epoch 49 loss: 0.462
Epoch 50 loss: 0.459
Finished Training
- 10000 FAKE images accessed.
All FAKE images are accessed.

- 10000 REAL images accessed.
All REAL images are accessed.

All images are accessed.
Accuracy of the network on the 20000 test images: 78 %
